==========================================
SLURM_CLUSTER_NAME = paramseva
SLURM_ARRAY_JOB_ID = 
SLURM_ARRAY_TASK_ID = 
SLURM_ARRAY_TASK_COUNT = 
SLURM_ARRAY_TASK_MAX = 
SLURM_ARRAY_TASK_MIN = 
SLURM_JOB_ACCOUNT = iith
SLURM_JOB_ID = 135998
SLURM_JOB_NAME = t4s_24_sm
SLURM_JOB_NODELIST = cn078
SLURM_JOB_USER = vibhavasu.phy.iith
SLURM_JOB_UID = 26477
SLURM_JOB_PARTITION = standard
SLURM_TASK_PID = 36169
SLURM_SUBMIT_DIR = /scratch/vibhavasu.phy.iith/IceCube-Zhou-data/IceCube-Package/package
SLURM_CPUS_ON_NODE = 48
SLURM_NTASKS = 48
SLURM_TASK_PID = 36169
==========================================
read icdata
read uptdata
read eadata
read mspdata
##################################################
Cone angle:  5.0

Number of energy bins:  10000000

Number of phi bins:  1000

Calculating weights...


Loading wt_acc from pickle
Loaded wt_acc from pickle with nbins=  10000000
Loading all_Bi from pickle...
Loaded all_Bi from pickle
Loading all_Si_ws_g_s from pickle
Loaded all_Si_ws_g_s from pickle with nbins = 10000000
Loading ns_hat from pickle...
Loaded ns_hat from pickle with nbins = 10000000

CALCULATING TS FOR ALL PSRS FOR ALL GAMMAS FOR ALL WEIGHTS

(4, 3)
ws = 0
gamma = 0
gamma = 1
gamma = 2
gamma = 3
ws = 1
gamma = 0
gamma = 1
gamma = 2
gamma = 3
ws = 2
gamma = 0
gamma = 1
gamma = 2
gamma = 3

CALCULATED TS FOR ALL PSRS FOR ALL GAMMAS FOR ALL WEIGHTS
Calculating wt_acc for all pulsars and seasons and gamma
Calculated wt_acc for all pulsars and seasons and gamma
Loading all_Si_ws_g_s from pickle
Loaded all_Si_ws_g_s from pickle with nbins = 10000000
Loading ns_hat from pickle...
Loaded ns_hat from pickle with nbins = 10000000

CALCULATING TS FOR ALL PSRS FOR ALL GAMMAS FOR ALL WEIGHTS

gamma = 0
gamma = 1
gamma = 2
gamma = 3

CALCULATED TS FOR ALL PSRS FOR ALL GAMMAS FOR ALL WEIGHTS
Calculating wt_acc for all pulsars and seasons and gamma
Calculated wt_acc for all pulsars and seasons and gamma

Calculating S_i for all neutrinos and gammas and weighting schemes...

Calculated S_i for all neutrinos and gammas and weighting schemes

Calculating ns_HAT for all gamma and weighting schemes...


Calculationed ns_HAT for all gamma and weighting schemes

CALCULATING TS FOR ALL PSRS FOR ALL GAMMAS FOR ALL WEIGHTS

ws = 0
gamma = 0
gamma = 1
gamma = 2
gamma = 3
ws = 1
gamma = 0
gamma = 1
gamma = 2
gamma = 3

CALCULATED TS FOR ALL PSRS FOR ALL GAMMAS FOR ALL WEIGHTS
(4, 1000)
(2, 4, 1000)

TS_vs_E2dfde_all_w_model_bins=10000000_FEB_5.0.pdf
DONE
