==========================================
SLURM_CLUSTER_NAME = paramseva
SLURM_ARRAY_JOB_ID = 
SLURM_ARRAY_TASK_ID = 
SLURM_ARRAY_TASK_COUNT = 
SLURM_ARRAY_TASK_MAX = 
SLURM_ARRAY_TASK_MIN = 
SLURM_JOB_ACCOUNT = iith
SLURM_JOB_ID = 127346
SLURM_JOB_NAME = t4s_4
SLURM_JOB_NODELIST = cn011
SLURM_JOB_USER = vibhavasu.phy.iith
SLURM_JOB_UID = 26477
SLURM_JOB_PARTITION = standard
SLURM_TASK_PID = 38845
SLURM_SUBMIT_DIR = /scratch/vibhavasu.phy.iith/IceCube-Zhou-data/IceCube-Package/package
SLURM_CPUS_ON_NODE = 48
SLURM_NTASKS = 48
SLURM_TASK_PID = 38845
==========================================
read icdata
read uptdata
read eadata
read mspdata
##################################################
Cone angle:  4.0

Number of energy bins:  10000000

Number of phi bins:  1000

Calculating weights...


Loading wt_acc from pickle
Loaded wt_acc from pickle with nbins=  10000000

Calculating Bi for all neutrinos


Calculated Bi for all neutrinos

Calculating S_i for all neutrinos and gammas and weighting schemes...

Calculated S_i for all neutrinos and gammas and weighting schemes

Calculating ns_HAT for all gamma and weighting schemes...


Calculationed ns_HAT for all gamma and weighting schemes

CALCULATING TS FOR ALL PSRS FOR ALL GAMMAS FOR ALL WEIGHTS

gamma = 0
gamma = 1
gamma = 2
gamma = 3

CALCULATED TS FOR ALL PSRS FOR ALL GAMMAS FOR ALL WEIGHTS
4.361537789208006e-27
5.148867450137487e-27
2.1248453524988698e-27
1e-19
1e-19
1e-19

TS_vs_E2dfde_all_w_model_bins=10000000_C_wt_all_psr_wmod1_cone_4.0.pdf
DONE
-5.870028911146627e-08 969 4.361537789208006e-08
-3.354631594247023e-08 975 5.148867450137487e-08
-1.3172653919379446e-07 943 2.12484535249887e-08
-9.953448861701513e-07 883 4.042095839796285e-09
####################################################################################################
####################################################################################################
W_MODEL = 1/d2 and s1400
Loading all_Si_ws_g_s from pickle
Loaded all_Si_ws_g_s from pickle with nbins = 10000000

Calculating ns_HAT for all gamma and weighting schemes...


Calculationed ns_HAT for all gamma and weighting schemes

CALCULATING TS FOR ALL PSRS FOR ALL GAMMAS FOR ALL WEIGHTS

ws = 0
gamma = 0
gamma = 1
gamma = 2
gamma = 3
ws = 1
gamma = 0
gamma = 1
gamma = 2
gamma = 3

CALCULATED TS FOR ALL PSRS FOR ALL GAMMAS FOR ALL WEIGHTS

TS_vs_E2dfde_all_w_model_bins=10000000_C_wt_4.0.pdf
DONE
4.361537789208006e-27
5.148867450137487e-27
2.1248453524988698e-27
8.483931054240354e-12 -2.2
6.857857281474138e-12 -2.0
7.407411169851015e-12 -2.53
3.418850846230313e-12 -3.0
0 ####################
1.6168669253010258e-09 -2.2
1.254583179642185e-09 -2.0
1.620975092057009e-09 -2.53
8.712175867516334e-10 -3.0
1 ####################
2.208890169159708e-09 -2.2
1.7168667322355708e-09 -2.0
2.1867303575334677e-09 -2.53
1.1587839885991388e-09 -3.0
done
