==========================================
SLURM_CLUSTER_NAME = paramseva
SLURM_ARRAY_JOB_ID = 
SLURM_ARRAY_TASK_ID = 
SLURM_ARRAY_TASK_COUNT = 
SLURM_ARRAY_TASK_MAX = 
SLURM_ARRAY_TASK_MIN = 
SLURM_JOB_ACCOUNT = iith
SLURM_JOB_ID = 86850
SLURM_JOB_NAME = t4s_3
SLURM_JOB_NODELIST = cn059
SLURM_JOB_USER = vibhavasu.phy.iith
SLURM_JOB_UID = 26477
SLURM_JOB_PARTITION = standard
SLURM_TASK_PID = 5650
SLURM_SUBMIT_DIR = /scratch/vibhavasu.phy.iith/IceCube-Zhou-data/IceCube-Package/package
SLURM_CPUS_ON_NODE = 48
SLURM_NTASKS = 48
SLURM_TASK_PID = 5650
==========================================
read icdata
read uptdata
read eadata
read mspdata
##################################################
Cone angle:  3.0

Number of energy bins:  10000000

Number of phi bins:  1000

Calculating weights...


Loading wt_acc from pickle
Loaded wt_acc from pickle with nbins=  10000000
Loading all_Bi from pickle...
Loaded all_Bi from pickle
Loading all_Si_ws_g_s from pickle
Loaded all_Si_ws_g_s from pickle with nbins = 10000000
Loading ns_hat from pickle...
Loaded ns_hat from pickle with nbins = 10000000

CALCULATING TS FOR ALL PSRS FOR ALL GAMMAS FOR ALL WEIGHTS

gamma = 0
gamma = 1
gamma = 2
gamma = 3

CALCULATED TS FOR ALL PSRS FOR ALL GAMMAS FOR ALL WEIGHTS
3.798215306190736e-27
3.217418150676352e-27
1.5246957270175698e-27
1e-19
1e-19
1e-19

TS_vs_E2dfde_all_w_model_bins=10000000_C_wt_all_psr_wmod1_cone_3.0.pdf
DONE
-2.885322648045612e-07 964 3.798215306190736e-08
-3.8142981523080495e-07 958 3.217418150676352e-08
-8.915081355554038e-07 931 1.5246957270175697e-08
-5.2803401106150434e-06 871 2.900430493863986e-09
####################################################################################################
####################################################################################################
W_MODEL = 1/d2 and s1400
Loading all_Si_ws_g_s from pickle
Loaded all_Si_ws_g_s from pickle with nbins = 10000000
Loading ns_hat from pickle...
Loaded ns_hat from pickle with nbins = 10000000

CALCULATING TS FOR ALL PSRS FOR ALL GAMMAS FOR ALL WEIGHTS

ws = 0
gamma = 0
gamma = 1
gamma = 2
gamma = 3
ws = 1
gamma = 0
gamma = 1
gamma = 2
gamma = 3

CALCULATED TS FOR ALL PSRS FOR ALL GAMMAS FOR ALL WEIGHTS

TS_vs_E2dfde_all_w_model_bins=10000000_C_wt_3.0..pdf
DONE
3.798215306190736e-27
3.217418150676352e-27
1.5246957270175698e-27
1.3138489841780353e-12 -2.0
1.5788460925240463e-12 -2.2
1.4482006468575398e-12 -2.53
7.22938455659183e-13 -3.0
0 ####################
1.2131636606437528e-09 -2.0
1.5131283833835372e-09 -2.2
1.4655723559811987e-09 -2.53
7.675569149847495e-10 -3.0
1 ####################
8.608289099850933e-09 -2.0
1.3708926006485935e-08 -2.2
1.5472589091182286e-08 -2.53
8.566714601075709e-09 -3.0
done
