==========================================
SLURM_CLUSTER_NAME = paramseva
SLURM_ARRAY_JOB_ID = 
SLURM_ARRAY_TASK_ID = 
SLURM_ARRAY_TASK_COUNT = 
SLURM_ARRAY_TASK_MAX = 
SLURM_ARRAY_TASK_MIN = 
SLURM_JOB_ACCOUNT = iith
SLURM_JOB_ID = 89704
SLURM_JOB_NAME = t4w2_1e-90
SLURM_JOB_NODELIST = cn099
SLURM_JOB_USER = vibhavasu.phy.iith
SLURM_JOB_UID = 26477
SLURM_JOB_PARTITION = standard
SLURM_TASK_PID = 38193
SLURM_SUBMIT_DIR = /scratch/vibhavasu.phy.iith/IceCube-Zhou-data/IceCube-Package/package
SLURM_CPUS_ON_NODE = 48
SLURM_NTASKS = 48
SLURM_TASK_PID = 38193
==========================================
read icdata
read uptdata
read eadata
read mspdata
[36900, 107011, 93133, 136244, 112855, 122539, 127040, 129307, 123654, 145748]
Phio constant mult:  1e-90
Phio constant:  4.9800000000000004e-27
##################################################
Cone angle:  5.0
##################################################
Generating synthetic neutrinos for 3389 pulsars and 500 energy bins

Generated synthetic neutrinos
##################################################
read icdata
read uptdata
read eadata
read mspdata
[36900, 107011, 93133, 136244, 112855, 122539, 127040, 129307, 123654, 145748]

Number of energy bins:  500

Number of phi bins:  1000

Calculating weights...


Calculating wt_acc for all pulsars and seasons and gamma
Calculated wt_acc for all pulsars and seasons and gamma

Calculating Bi for all neutrinos


Calculated Bi for all neutrinos

Calculating S_i for all neutrinos and gammas and weighting schemes...

Calculated S_i for all neutrinos and gammas and weighting schemes

Calculating ns_HAT for all gamma and weighting schemes...


Calculationed ns_HAT for all gamma and weighting schemes

CALCULATING TS FOR ALL PSRS FOR ALL GAMMAS FOR ALL WEIGHTS

gamma = 0
gamma = 1
gamma = 2
gamma = 3

CALCULATED TS FOR ALL PSRS FOR ALL GAMMAS FOR ALL WEIGHTS
1.889192776207672e-42
1.3062506631910126e-10
3.652267364308168e-42
1.3358691930415257e-10
7.58367791499719e-43
1.2278777994366921e-10

TS_vs_E2dfde_all_w_model_bins=500_3389_psrs_1e-90_phi_fac_smeared.pdf
DONE
